Warning[205] C:\USERS\CHRIS\ONEDRIVE\DESKTOP\PRACTICA3_CHRISTIANLARA\P3.ASM 3 : Found directive in column 1. (__CONFIG)
Warning[205] C:\USERS\CHRIS\ONEDRIVE\DESKTOP\PRACTICA3_CHRISTIANLARA\P3.ASM 5 : Found directive in column 1. (org)
Warning[203] C:\USERS\CHRIS\ONEDRIVE\DESKTOP\PRACTICA3_CHRISTIANLARA\P3.ASM 10 : Found opcode in column 1. (BSF)
Warning[203] C:\USERS\CHRIS\ONEDRIVE\DESKTOP\PRACTICA3_CHRISTIANLARA\P3.ASM 11 : Found opcode in column 1. (BCF)
Warning[203] C:\USERS\CHRIS\ONEDRIVE\DESKTOP\PRACTICA3_CHRISTIANLARA\P3.ASM 19 : Found opcode in column 1. (BSF)
Message[302] C:\USERS\CHRIS\ONEDRIVE\DESKTOP\PRACTICA3_CHRISTIANLARA\P3.ASM 19 : Register in operand not in bank 0.  Ensure that bank bits are correct.
Warning[203] C:\USERS\CHRIS\ONEDRIVE\DESKTOP\PRACTICA3_CHRISTIANLARA\P3.ASM 20 : Found opcode in column 1. (CLRF)
Message[302] C:\USERS\CHRIS\ONEDRIVE\DESKTOP\PRACTICA3_CHRISTIANLARA\P3.ASM 20 : Register in operand not in bank 0.  Ensure that bank bits are correct.
Warning[203] C:\USERS\CHRIS\ONEDRIVE\DESKTOP\PRACTICA3_CHRISTIANLARA\P3.ASM 25 : Found opcode in column 1. (BSF)
Warning[203] C:\USERS\CHRIS\ONEDRIVE\DESKTOP\PRACTICA3_CHRISTIANLARA\P3.ASM 26 : Found opcode in column 1. (BSF)
Warning[203] C:\USERS\CHRIS\ONEDRIVE\DESKTOP\PRACTICA3_CHRISTIANLARA\P3.ASM 31 : Found opcode in column 1. (BCF)
Message[302] C:\USERS\CHRIS\ONEDRIVE\DESKTOP\PRACTICA3_CHRISTIANLARA\P3.ASM 31 : Register in operand not in bank 0.  Ensure that bank bits are correct.
Warning[203] C:\USERS\CHRIS\ONEDRIVE\DESKTOP\PRACTICA3_CHRISTIANLARA\P3.ASM 32 : Found opcode in column 1. (CLRF)
Message[302] C:\USERS\CHRIS\ONEDRIVE\DESKTOP\PRACTICA3_CHRISTIANLARA\P3.ASM 32 : Register in operand not in bank 0.  Ensure that bank bits are correct.
Warning[203] C:\USERS\CHRIS\ONEDRIVE\DESKTOP\PRACTICA3_CHRISTIANLARA\P3.ASM 37 : Found opcode in column 1. (BCF)
Warning[203] C:\USERS\CHRIS\ONEDRIVE\DESKTOP\PRACTICA3_CHRISTIANLARA\P3.ASM 38 : Found opcode in column 1. (BCF)
Warning[203] C:\USERS\CHRIS\ONEDRIVE\DESKTOP\PRACTICA3_CHRISTIANLARA\P3.ASM 44 : Found opcode in column 1. (BSF)
Warning[203] C:\USERS\CHRIS\ONEDRIVE\DESKTOP\PRACTICA3_CHRISTIANLARA\P3.ASM 45 : Found opcode in column 1. (BCF)
Warning[203] C:\USERS\CHRIS\ONEDRIVE\DESKTOP\PRACTICA3_CHRISTIANLARA\P3.ASM 46 : Found opcode in column 1. (BCF)
Warning[203] C:\USERS\CHRIS\ONEDRIVE\DESKTOP\PRACTICA3_CHRISTIANLARA\P3.ASM 47 : Found opcode in column 1. (BCF)
Warning[203] C:\USERS\CHRIS\ONEDRIVE\DESKTOP\PRACTICA3_CHRISTIANLARA\P3.ASM 48 : Found opcode in column 1. (BCF)
Warning[203] C:\USERS\CHRIS\ONEDRIVE\DESKTOP\PRACTICA3_CHRISTIANLARA\P3.ASM 49 : Found opcode in column 1. (BCF)
Warning[203] C:\USERS\CHRIS\ONEDRIVE\DESKTOP\PRACTICA3_CHRISTIANLARA\P3.ASM 50 : Found opcode in column 1. (BCF)
Warning[203] C:\USERS\CHRIS\ONEDRIVE\DESKTOP\PRACTICA3_CHRISTIANLARA\P3.ASM 51 : Found opcode in column 1. (BCF)
Warning[203] C:\USERS\CHRIS\ONEDRIVE\DESKTOP\PRACTICA3_CHRISTIANLARA\P3.ASM 53 : Found opcode in column 1. (BCF)
Warning[203] C:\USERS\CHRIS\ONEDRIVE\DESKTOP\PRACTICA3_CHRISTIANLARA\P3.ASM 56 : Found opcode in column 1. (BTFSS)
Warning[203] C:\USERS\CHRIS\ONEDRIVE\DESKTOP\PRACTICA3_CHRISTIANLARA\P3.ASM 57 : Found opcode in column 1. (GOTO)
Warning[203] C:\USERS\CHRIS\ONEDRIVE\DESKTOP\PRACTICA3_CHRISTIANLARA\P3.ASM 58 : Found opcode in column 1. (BTFSC)
Warning[203] C:\USERS\CHRIS\ONEDRIVE\DESKTOP\PRACTICA3_CHRISTIANLARA\P3.ASM 59 : Found opcode in column 1. (GOTO)
Warning[203] C:\USERS\CHRIS\ONEDRIVE\DESKTOP\PRACTICA3_CHRISTIANLARA\P3.ASM 62 : Found opcode in column 1. (RLF)
Warning[203] C:\USERS\CHRIS\ONEDRIVE\DESKTOP\PRACTICA3_CHRISTIANLARA\P3.ASM 63 : Found opcode in column 1. (BTFSS)
Warning[203] C:\USERS\CHRIS\ONEDRIVE\DESKTOP\PRACTICA3_CHRISTIANLARA\P3.ASM 64 : Found opcode in column 1. (GOTO)
Warning[203] C:\USERS\CHRIS\ONEDRIVE\DESKTOP\PRACTICA3_CHRISTIANLARA\P3.ASM 65 : Found opcode in column 1. (GOTO)
Warning[205] C:\USERS\CHRIS\ONEDRIVE\DESKTOP\PRACTICA3_CHRISTIANLARA\P3.ASM 67 : Found directive in column 1. (end)
